mode: set
/home/leo/code/recruitment-interviews/code/golang/answer_string.go:7.10,15.2 5 0
/home/leo/code/recruitment-interviews/code/golang/answer_string.go:21.33,23.48 2 0
/home/leo/code/recruitment-interviews/code/golang/answer_string.go:26.2,26.58 1 0
/home/leo/code/recruitment-interviews/code/golang/answer_string.go:23.48,25.3 1 0
/home/leo/code/recruitment-interviews/code/golang/command_string.go:7.10,28.2 18 0
/home/leo/code/recruitment-interviews/code/golang/command_string.go:34.34,35.50 1 0
/home/leo/code/recruitment-interviews/code/golang/command_string.go:38.2,38.61 1 0
/home/leo/code/recruitment-interviews/code/golang/command_string.go:35.50,37.3 1 0
/home/leo/code/recruitment-interviews/code/golang/main.go:38.13,42.30 3 0
/home/leo/code/recruitment-interviews/code/golang/main.go:46.2,46.6 1 0
/home/leo/code/recruitment-interviews/code/golang/main.go:42.30,44.3 1 0
/home/leo/code/recruitment-interviews/code/golang/main.go:46.6,50.21 4 0
/home/leo/code/recruitment-interviews/code/golang/main.go:53.3,55.14 2 0
/home/leo/code/recruitment-interviews/code/golang/main.go:50.21,51.12 1 0
/home/leo/code/recruitment-interviews/code/golang/main.go:56.16,58.14 2 0
/home/leo/code/recruitment-interviews/code/golang/main.go:59.18,60.34 1 0
/home/leo/code/recruitment-interviews/code/golang/main.go:61.16,62.15 1 0
/home/leo/code/recruitment-interviews/code/golang/main.go:63.27,64.17 1 0
/home/leo/code/recruitment-interviews/code/golang/main.go:65.19,66.53 1 0
/home/leo/code/recruitment-interviews/code/golang/main.go:67.15,68.21 1 0
/home/leo/code/recruitment-interviews/code/golang/main.go:69.17,70.18 1 0
/home/leo/code/recruitment-interviews/code/golang/main.go:74.4,75.54 2 0
/home/leo/code/recruitment-interviews/code/golang/main.go:81.4,83.32 3 0
/home/leo/code/recruitment-interviews/code/golang/main.go:84.17,85.32 1 0
/home/leo/code/recruitment-interviews/code/golang/main.go:86.24,88.32 2 0
/home/leo/code/recruitment-interviews/code/golang/main.go:89.28,91.32 2 0
/home/leo/code/recruitment-interviews/code/golang/main.go:92.16,93.15 1 0
/home/leo/code/recruitment-interviews/code/golang/main.go:94.23,95.19 1 0
/home/leo/code/recruitment-interviews/code/golang/main.go:99.4,100.72 2 0
/home/leo/code/recruitment-interviews/code/golang/main.go:102.23,103.19 1 0
/home/leo/code/recruitment-interviews/code/golang/main.go:108.4,109.73 2 0
/home/leo/code/recruitment-interviews/code/golang/main.go:111.21,112.19 1 0
/home/leo/code/recruitment-interviews/code/golang/main.go:116.4,117.79 2 0
/home/leo/code/recruitment-interviews/code/golang/main.go:119.18,121.18 2 0
/home/leo/code/recruitment-interviews/code/golang/main.go:124.4,125.14 2 0
/home/leo/code/recruitment-interviews/code/golang/main.go:127.16,129.18 2 0
/home/leo/code/recruitment-interviews/code/golang/main.go:133.4,133.34 1 0
/home/leo/code/recruitment-interviews/code/golang/main.go:70.18,72.10 2 0
/home/leo/code/recruitment-interviews/code/golang/main.go:75.54,76.10 1 0
/home/leo/code/recruitment-interviews/code/golang/main.go:77.10,80.5 2 0
/home/leo/code/recruitment-interviews/code/golang/main.go:95.19,97.10 2 0
/home/leo/code/recruitment-interviews/code/golang/main.go:103.19,105.10 2 0
/home/leo/code/recruitment-interviews/code/golang/main.go:112.19,114.10 2 0
/home/leo/code/recruitment-interviews/code/golang/main.go:121.18,122.15 1 0
/home/leo/code/recruitment-interviews/code/golang/main.go:129.18,131.10 2 0
/home/leo/code/recruitment-interviews/code/golang/test_utils.go:7.82,9.19 2 1
/home/leo/code/recruitment-interviews/code/golang/test_utils.go:12.2,12.18 1 1
/home/leo/code/recruitment-interviews/code/golang/test_utils.go:9.19,11.3 1 1
/home/leo/code/recruitment-interviews/code/golang/utils.go:20.45,22.2 1 1
/home/leo/code/recruitment-interviews/code/golang/utils.go:25.55,30.15 5 1
/home/leo/code/recruitment-interviews/code/golang/utils.go:67.2,67.26 1 1
/home/leo/code/recruitment-interviews/code/golang/utils.go:31.39,32.29 1 1
/home/leo/code/recruitment-interviews/code/golang/utils.go:33.40,34.31 1 0
/home/leo/code/recruitment-interviews/code/golang/utils.go:35.39,36.29 1 0
/home/leo/code/recruitment-interviews/code/golang/utils.go:37.50,38.28 1 1
/home/leo/code/recruitment-interviews/code/golang/utils.go:41.3,41.33 1 1
/home/leo/code/recruitment-interviews/code/golang/utils.go:42.22,43.40 1 0
/home/leo/code/recruitment-interviews/code/golang/utils.go:44.13,45.32 1 0
/home/leo/code/recruitment-interviews/code/golang/utils.go:46.24,47.30 1 0
/home/leo/code/recruitment-interviews/code/golang/utils.go:48.38,49.30 1 0
/home/leo/code/recruitment-interviews/code/golang/utils.go:50.26,51.37 1 0
/home/leo/code/recruitment-interviews/code/golang/utils.go:52.31,53.41 1 0
/home/leo/code/recruitment-interviews/code/golang/utils.go:54.19,55.29 1 0
/home/leo/code/recruitment-interviews/code/golang/utils.go:56.39,57.36 1 0
/home/leo/code/recruitment-interviews/code/golang/utils.go:58.54,59.36 1 0
/home/leo/code/recruitment-interviews/code/golang/utils.go:60.25,61.34 1 0
/home/leo/code/recruitment-interviews/code/golang/utils.go:62.31,63.31 1 0
/home/leo/code/recruitment-interviews/code/golang/utils.go:64.14,65.34 1 0
/home/leo/code/recruitment-interviews/code/golang/utils.go:38.28,40.4 1 0
/home/leo/code/recruitment-interviews/code/golang/utils.go:70.37,71.44 1 1
/home/leo/code/recruitment-interviews/code/golang/utils.go:77.2,77.13 1 1
/home/leo/code/recruitment-interviews/code/golang/utils.go:71.44,72.25 1 0
/home/leo/code/recruitment-interviews/code/golang/utils.go:75.3,75.15 1 0
/home/leo/code/recruitment-interviews/code/golang/utils.go:72.25,74.4 1 0
/home/leo/code/recruitment-interviews/code/golang/utils.go:80.31,81.49 1 0
/home/leo/code/recruitment-interviews/code/golang/utils.go:84.2,84.13 1 0
/home/leo/code/recruitment-interviews/code/golang/utils.go:81.49,83.3 1 0
/home/leo/code/recruitment-interviews/code/golang/utils.go:87.52,91.27 3 1
/home/leo/code/recruitment-interviews/code/golang/utils.go:95.2,95.87 1 1
/home/leo/code/recruitment-interviews/code/golang/utils.go:103.2,103.16 1 1
/home/leo/code/recruitment-interviews/code/golang/utils.go:106.2,106.20 1 1
/home/leo/code/recruitment-interviews/code/golang/utils.go:91.27,93.3 1 0
/home/leo/code/recruitment-interviews/code/golang/utils.go:95.87,97.23 2 1
/home/leo/code/recruitment-interviews/code/golang/utils.go:100.3,101.13 2 1
/home/leo/code/recruitment-interviews/code/golang/utils.go:97.23,99.4 1 1
/home/leo/code/recruitment-interviews/code/golang/utils.go:103.16,104.13 1 0
/home/leo/code/recruitment-interviews/code/golang/utils.go:109.39,111.31 2 0
/home/leo/code/recruitment-interviews/code/golang/utils.go:111.31,113.3 1 0
/home/leo/code/recruitment-interviews/code/golang/utils.go:117.18,125.2 2 0
/home/leo/code/recruitment-interviews/code/golang/utils.go:127.35,129.2 1 1
/home/leo/code/recruitment-interviews/code/golang/utils.go:131.20,135.2 3 0
/home/leo/code/recruitment-interviews/code/golang/utils.go:137.54,140.28 2 1
/home/leo/code/recruitment-interviews/code/golang/utils.go:147.2,147.10 1 1
/home/leo/code/recruitment-interviews/code/golang/utils.go:140.28,141.17 1 1
/home/leo/code/recruitment-interviews/code/golang/utils.go:141.17,143.9 2 1
/home/leo/code/recruitment-interviews/code/golang/utils.go:150.43,155.17 5 1
/home/leo/code/recruitment-interviews/code/golang/utils.go:158.2,158.89 1 1
/home/leo/code/recruitment-interviews/code/golang/utils.go:155.17,157.3 1 1
/home/leo/code/recruitment-interviews/code/golang/utils.go:161.48,165.2 3 0
/home/leo/code/recruitment-interviews/code/golang/utils.go:167.33,172.79 3 0
/home/leo/code/recruitment-interviews/code/golang/utils.go:172.79,176.3 3 0
/home/leo/code/recruitment-interviews/code/golang/utils.go:176.8,179.3 1 0
/home/leo/code/recruitment-interviews/code/golang/utils.go:182.69,189.16 4 0
/home/leo/code/recruitment-interviews/code/golang/utils.go:192.2,195.21 3 0
/home/leo/code/recruitment-interviews/code/golang/utils.go:203.2,205.26 2 0
/home/leo/code/recruitment-interviews/code/golang/utils.go:189.16,190.13 1 0
/home/leo/code/recruitment-interviews/code/golang/utils.go:195.21,197.56 2 0
/home/leo/code/recruitment-interviews/code/golang/utils.go:197.56,200.4 2 0
/home/leo/code/recruitment-interviews/code/golang/utils.go:208.56,209.20 1 1
/home/leo/code/recruitment-interviews/code/golang/utils.go:212.2,212.21 1 1
/home/leo/code/recruitment-interviews/code/golang/utils.go:215.2,215.44 1 1
/home/leo/code/recruitment-interviews/code/golang/utils.go:209.20,211.3 1 0
/home/leo/code/recruitment-interviews/code/golang/utils.go:212.21,214.3 1 1
/home/leo/code/recruitment-interviews/code/golang/utils.go:218.67,219.25 1 1
/home/leo/code/recruitment-interviews/code/golang/utils.go:222.2,222.146 1 1
/home/leo/code/recruitment-interviews/code/golang/utils.go:219.25,221.3 1 0
/home/leo/code/recruitment-interviews/code/golang/utils.go:225.70,227.2 1 1
/home/leo/code/recruitment-interviews/code/golang/utils.go:229.35,230.28 1 1
/home/leo/code/recruitment-interviews/code/golang/utils.go:233.2,233.71 1 1
/home/leo/code/recruitment-interviews/code/golang/utils.go:230.28,232.3 1 1
/home/leo/code/recruitment-interviews/code/golang/utils.go:236.39,237.62 1 0
/home/leo/code/recruitment-interviews/code/golang/utils.go:237.62,239.3 1 0
/home/leo/code/recruitment-interviews/code/golang/utils.go:242.25,243.29 1 0
/home/leo/code/recruitment-interviews/code/golang/utils.go:248.2,248.17 1 0
/home/leo/code/recruitment-interviews/code/golang/utils.go:252.2,252.64 1 0
/home/leo/code/recruitment-interviews/code/golang/utils.go:243.29,246.3 2 0
/home/leo/code/recruitment-interviews/code/golang/utils.go:248.17,250.3 1 0
/home/leo/code/recruitment-interviews/code/golang/utils.go:252.64,254.3 1 0
/home/leo/code/recruitment-interviews/code/golang/utils.go:254.8,256.3 1 0
/home/leo/code/recruitment-interviews/code/golang/utils.go:259.29,260.30 1 0
/home/leo/code/recruitment-interviews/code/golang/utils.go:260.30,262.3 1 0
/home/leo/code/recruitment-interviews/code/golang/utils.go:265.18,266.46 1 0
/home/leo/code/recruitment-interviews/code/golang/utils.go:269.2,269.52 1 0
/home/leo/code/recruitment-interviews/code/golang/utils.go:266.46,268.3 1 0
/home/leo/code/recruitment-interviews/code/golang/utils.go:269.52,271.3 1 0
/home/leo/code/recruitment-interviews/code/golang/utils.go:274.58,278.39 4 1
/home/leo/code/recruitment-interviews/code/golang/utils.go:281.2,281.38 1 1
/home/leo/code/recruitment-interviews/code/golang/utils.go:278.39,280.3 1 0
/home/leo/code/recruitment-interviews/code/golang/utils.go:284.46,286.2 1 0
/home/leo/code/recruitment-interviews/code/golang/utils.go:288.28,291.26 3 0
/home/leo/code/recruitment-interviews/code/golang/utils.go:295.2,296.35 2 0
/home/leo/code/recruitment-interviews/code/golang/utils.go:302.2,303.16 2 0
/home/leo/code/recruitment-interviews/code/golang/utils.go:306.2,306.76 1 0
/home/leo/code/recruitment-interviews/code/golang/utils.go:291.26,293.3 1 0
/home/leo/code/recruitment-interviews/code/golang/utils.go:296.35,301.3 4 0
/home/leo/code/recruitment-interviews/code/golang/utils.go:303.16,305.3 1 0
/home/leo/code/recruitment-interviews/code/golang/utils.go:309.73,311.16 2 0
/home/leo/code/recruitment-interviews/code/golang/utils.go:314.2,320.53 4 0
/home/leo/code/recruitment-interviews/code/golang/utils.go:327.2,327.18 1 0
/home/leo/code/recruitment-interviews/code/golang/utils.go:311.16,313.3 1 0
/home/leo/code/recruitment-interviews/code/golang/utils.go:320.53,321.31 1 0
/home/leo/code/recruitment-interviews/code/golang/utils.go:321.31,322.34 1 0
/home/leo/code/recruitment-interviews/code/golang/utils.go:322.34,324.5 1 0
/home/leo/code/recruitment-interviews/code/golang/utils.go:330.57,333.31 3 0
/home/leo/code/recruitment-interviews/code/golang/utils.go:336.2,337.16 2 0
/home/leo/code/recruitment-interviews/code/golang/utils.go:340.2,345.20 4 0
/home/leo/code/recruitment-interviews/code/golang/utils.go:360.2,363.21 2 0
/home/leo/code/recruitment-interviews/code/golang/utils.go:369.2,369.23 1 0
/home/leo/code/recruitment-interviews/code/golang/utils.go:333.31,335.3 1 0
/home/leo/code/recruitment-interviews/code/golang/utils.go:337.16,339.3 1 0
/home/leo/code/recruitment-interviews/code/golang/utils.go:345.20,348.17 3 0
/home/leo/code/recruitment-interviews/code/golang/utils.go:351.3,354.17 3 0
/home/leo/code/recruitment-interviews/code/golang/utils.go:357.3,357.33 1 0
/home/leo/code/recruitment-interviews/code/golang/utils.go:348.17,350.4 1 0
/home/leo/code/recruitment-interviews/code/golang/utils.go:354.17,356.4 1 0
/home/leo/code/recruitment-interviews/code/golang/utils.go:363.21,367.3 3 0
/home/leo/code/recruitment-interviews/code/golang/utils.go:372.74,374.22 2 0
/home/leo/code/recruitment-interviews/code/golang/utils.go:377.2,377.23 1 0
/home/leo/code/recruitment-interviews/code/golang/utils.go:374.22,376.3 1 0
/home/leo/code/recruitment-interviews/code/golang/utils.go:380.77,382.22 2 0
/home/leo/code/recruitment-interviews/code/golang/utils.go:385.2,386.27 2 0
/home/leo/code/recruitment-interviews/code/golang/utils.go:382.22,384.3 1 0
/home/leo/code/recruitment-interviews/code/golang/utils.go:389.72,404.2 12 1
