mode: set
/home/leo/code/recruitment-interviews/code/golang/main.go:37.13,41.30 3 0
/home/leo/code/recruitment-interviews/code/golang/main.go:45.2,45.6 1 0
/home/leo/code/recruitment-interviews/code/golang/main.go:41.30,43.3 1 0
/home/leo/code/recruitment-interviews/code/golang/main.go:45.6,49.21 4 0
/home/leo/code/recruitment-interviews/code/golang/main.go:52.3,54.14 2 0
/home/leo/code/recruitment-interviews/code/golang/main.go:49.21,50.12 1 0
/home/leo/code/recruitment-interviews/code/golang/main.go:55.16,57.14 2 0
/home/leo/code/recruitment-interviews/code/golang/main.go:58.18,59.34 1 0
/home/leo/code/recruitment-interviews/code/golang/main.go:60.16,61.15 1 0
/home/leo/code/recruitment-interviews/code/golang/main.go:62.27,63.17 1 0
/home/leo/code/recruitment-interviews/code/golang/main.go:64.19,65.53 1 0
/home/leo/code/recruitment-interviews/code/golang/main.go:66.15,67.21 1 0
/home/leo/code/recruitment-interviews/code/golang/main.go:68.17,69.18 1 0
/home/leo/code/recruitment-interviews/code/golang/main.go:73.4,73.54 1 0
/home/leo/code/recruitment-interviews/code/golang/main.go:78.4,80.32 3 0
/home/leo/code/recruitment-interviews/code/golang/main.go:81.17,82.32 1 0
/home/leo/code/recruitment-interviews/code/golang/main.go:83.24,85.32 2 0
/home/leo/code/recruitment-interviews/code/golang/main.go:86.28,88.32 2 0
/home/leo/code/recruitment-interviews/code/golang/main.go:89.16,90.15 1 0
/home/leo/code/recruitment-interviews/code/golang/main.go:91.23,92.19 1 0
/home/leo/code/recruitment-interviews/code/golang/main.go:96.4,96.20 1 0
/home/leo/code/recruitment-interviews/code/golang/main.go:97.23,98.19 1 0
/home/leo/code/recruitment-interviews/code/golang/main.go:102.4,102.23 1 0
/home/leo/code/recruitment-interviews/code/golang/main.go:103.21,104.19 1 0
/home/leo/code/recruitment-interviews/code/golang/main.go:108.4,108.25 1 0
/home/leo/code/recruitment-interviews/code/golang/main.go:109.18,111.9 1 0
/home/leo/code/recruitment-interviews/code/golang/main.go:69.18,71.10 2 0
/home/leo/code/recruitment-interviews/code/golang/main.go:73.54,74.10 1 0
/home/leo/code/recruitment-interviews/code/golang/main.go:75.10,77.5 1 0
/home/leo/code/recruitment-interviews/code/golang/main.go:92.19,94.10 2 0
/home/leo/code/recruitment-interviews/code/golang/main.go:98.19,100.10 2 0
/home/leo/code/recruitment-interviews/code/golang/main.go:104.19,106.10 2 0
/home/leo/code/recruitment-interviews/code/golang/test_utils.go:7.82,9.19 2 1
/home/leo/code/recruitment-interviews/code/golang/test_utils.go:12.2,12.18 1 1
/home/leo/code/recruitment-interviews/code/golang/test_utils.go:9.19,11.3 1 1
/home/leo/code/recruitment-interviews/code/golang/utils.go:18.45,20.2 1 1
/home/leo/code/recruitment-interviews/code/golang/utils.go:23.55,28.15 5 1
/home/leo/code/recruitment-interviews/code/golang/utils.go:63.2,63.26 1 1
/home/leo/code/recruitment-interviews/code/golang/utils.go:29.39,30.29 1 1
/home/leo/code/recruitment-interviews/code/golang/utils.go:31.40,32.31 1 0
/home/leo/code/recruitment-interviews/code/golang/utils.go:33.39,34.29 1 0
/home/leo/code/recruitment-interviews/code/golang/utils.go:35.50,36.28 1 1
/home/leo/code/recruitment-interviews/code/golang/utils.go:39.3,39.33 1 1
/home/leo/code/recruitment-interviews/code/golang/utils.go:40.22,41.40 1 0
/home/leo/code/recruitment-interviews/code/golang/utils.go:42.13,43.32 1 0
/home/leo/code/recruitment-interviews/code/golang/utils.go:44.24,45.30 1 0
/home/leo/code/recruitment-interviews/code/golang/utils.go:46.38,47.30 1 0
/home/leo/code/recruitment-interviews/code/golang/utils.go:48.26,49.37 1 0
/home/leo/code/recruitment-interviews/code/golang/utils.go:50.31,51.41 1 0
/home/leo/code/recruitment-interviews/code/golang/utils.go:52.19,53.29 1 0
/home/leo/code/recruitment-interviews/code/golang/utils.go:54.39,55.36 1 0
/home/leo/code/recruitment-interviews/code/golang/utils.go:56.54,57.36 1 0
/home/leo/code/recruitment-interviews/code/golang/utils.go:58.25,59.34 1 0
/home/leo/code/recruitment-interviews/code/golang/utils.go:60.31,61.31 1 0
/home/leo/code/recruitment-interviews/code/golang/utils.go:36.28,38.4 1 0
/home/leo/code/recruitment-interviews/code/golang/utils.go:66.37,67.44 1 1
/home/leo/code/recruitment-interviews/code/golang/utils.go:73.2,73.13 1 1
/home/leo/code/recruitment-interviews/code/golang/utils.go:67.44,68.25 1 0
/home/leo/code/recruitment-interviews/code/golang/utils.go:71.3,71.15 1 0
/home/leo/code/recruitment-interviews/code/golang/utils.go:68.25,70.4 1 0
/home/leo/code/recruitment-interviews/code/golang/utils.go:76.31,77.49 1 0
/home/leo/code/recruitment-interviews/code/golang/utils.go:80.2,80.13 1 0
/home/leo/code/recruitment-interviews/code/golang/utils.go:77.49,79.3 1 0
/home/leo/code/recruitment-interviews/code/golang/utils.go:83.52,87.27 3 1
/home/leo/code/recruitment-interviews/code/golang/utils.go:91.2,91.87 1 1
/home/leo/code/recruitment-interviews/code/golang/utils.go:99.2,99.16 1 1
/home/leo/code/recruitment-interviews/code/golang/utils.go:102.2,102.20 1 1
/home/leo/code/recruitment-interviews/code/golang/utils.go:87.27,89.3 1 0
/home/leo/code/recruitment-interviews/code/golang/utils.go:91.87,93.23 2 1
/home/leo/code/recruitment-interviews/code/golang/utils.go:96.3,97.13 2 1
/home/leo/code/recruitment-interviews/code/golang/utils.go:93.23,95.4 1 1
/home/leo/code/recruitment-interviews/code/golang/utils.go:99.16,100.13 1 0
/home/leo/code/recruitment-interviews/code/golang/utils.go:105.39,107.31 2 0
/home/leo/code/recruitment-interviews/code/golang/utils.go:107.31,109.3 1 0
/home/leo/code/recruitment-interviews/code/golang/utils.go:113.18,121.2 2 0
/home/leo/code/recruitment-interviews/code/golang/utils.go:123.35,125.2 1 1
/home/leo/code/recruitment-interviews/code/golang/utils.go:127.20,131.2 3 0
/home/leo/code/recruitment-interviews/code/golang/utils.go:133.54,136.28 2 1
/home/leo/code/recruitment-interviews/code/golang/utils.go:143.2,143.10 1 1
/home/leo/code/recruitment-interviews/code/golang/utils.go:136.28,137.17 1 1
/home/leo/code/recruitment-interviews/code/golang/utils.go:137.17,139.9 2 1
/home/leo/code/recruitment-interviews/code/golang/utils.go:146.43,151.17 5 1
/home/leo/code/recruitment-interviews/code/golang/utils.go:154.2,154.89 1 1
/home/leo/code/recruitment-interviews/code/golang/utils.go:151.17,153.3 1 1
/home/leo/code/recruitment-interviews/code/golang/utils.go:157.69,164.16 4 0
/home/leo/code/recruitment-interviews/code/golang/utils.go:167.2,170.21 3 0
/home/leo/code/recruitment-interviews/code/golang/utils.go:178.2,178.67 1 0
/home/leo/code/recruitment-interviews/code/golang/utils.go:164.16,165.13 1 0
/home/leo/code/recruitment-interviews/code/golang/utils.go:170.21,172.56 2 0
/home/leo/code/recruitment-interviews/code/golang/utils.go:172.56,175.4 2 0
/home/leo/code/recruitment-interviews/code/golang/utils.go:182.33,188.79 4 0
/home/leo/code/recruitment-interviews/code/golang/utils.go:188.79,191.3 2 0
/home/leo/code/recruitment-interviews/code/golang/utils.go:191.8,194.3 1 0
/home/leo/code/recruitment-interviews/code/golang/utils.go:197.56,198.20 1 1
/home/leo/code/recruitment-interviews/code/golang/utils.go:201.2,201.21 1 1
/home/leo/code/recruitment-interviews/code/golang/utils.go:204.2,204.44 1 1
/home/leo/code/recruitment-interviews/code/golang/utils.go:198.20,200.3 1 1
/home/leo/code/recruitment-interviews/code/golang/utils.go:201.21,203.3 1 1
/home/leo/code/recruitment-interviews/code/golang/utils.go:207.50,208.25 1 1
/home/leo/code/recruitment-interviews/code/golang/utils.go:211.2,211.146 1 1
/home/leo/code/recruitment-interviews/code/golang/utils.go:208.25,210.3 1 0
/home/leo/code/recruitment-interviews/code/golang/utils.go:214.70,216.2 1 1
/home/leo/code/recruitment-interviews/code/golang/utils.go:218.35,219.28 1 1
/home/leo/code/recruitment-interviews/code/golang/utils.go:222.2,222.71 1 1
/home/leo/code/recruitment-interviews/code/golang/utils.go:219.28,221.3 1 1
/home/leo/code/recruitment-interviews/code/golang/utils.go:225.39,226.48 1 0
/home/leo/code/recruitment-interviews/code/golang/utils.go:226.48,228.3 1 0
/home/leo/code/recruitment-interviews/code/golang/utils.go:231.25,232.29 1 0
/home/leo/code/recruitment-interviews/code/golang/utils.go:237.2,237.17 1 0
/home/leo/code/recruitment-interviews/code/golang/utils.go:241.2,241.50 1 0
/home/leo/code/recruitment-interviews/code/golang/utils.go:232.29,235.3 2 0
/home/leo/code/recruitment-interviews/code/golang/utils.go:237.17,239.3 1 0
/home/leo/code/recruitment-interviews/code/golang/utils.go:241.50,243.3 1 0
/home/leo/code/recruitment-interviews/code/golang/utils.go:243.8,245.3 1 0
/home/leo/code/recruitment-interviews/code/golang/utils.go:248.29,249.30 1 0
/home/leo/code/recruitment-interviews/code/golang/utils.go:249.30,251.3 1 0
/home/leo/code/recruitment-interviews/code/golang/utils.go:254.18,255.32 1 0
/home/leo/code/recruitment-interviews/code/golang/utils.go:258.2,258.38 1 0
/home/leo/code/recruitment-interviews/code/golang/utils.go:255.32,257.3 1 0
/home/leo/code/recruitment-interviews/code/golang/utils.go:258.38,260.3 1 0
/home/leo/code/recruitment-interviews/code/golang/utils.go:263.58,268.39 5 1
/home/leo/code/recruitment-interviews/code/golang/utils.go:271.2,271.38 1 1
/home/leo/code/recruitment-interviews/code/golang/utils.go:268.39,270.3 1 0
/home/leo/code/recruitment-interviews/code/golang/utils.go:274.31,277.2 2 0
/home/leo/code/recruitment-interviews/code/golang/utils.go:279.46,281.2 1 0
/home/leo/code/recruitment-interviews/code/golang/utils.go:283.23,286.2 2 0
/home/leo/code/recruitment-interviews/code/golang/utils.go:288.26,291.2 2 0
/home/leo/code/recruitment-interviews/code/golang/utils.go:293.28,296.2 2 0
/home/leo/code/recruitment-interviews/code/golang/utils.go:298.23,300.2 0 0
/home/leo/code/recruitment-interviews/code/golang/answer_string.go:7.10,15.2 5 0
/home/leo/code/recruitment-interviews/code/golang/answer_string.go:21.33,23.48 2 0
/home/leo/code/recruitment-interviews/code/golang/answer_string.go:26.2,26.58 1 0
/home/leo/code/recruitment-interviews/code/golang/answer_string.go:23.48,25.3 1 0
/home/leo/code/recruitment-interviews/code/golang/command_string.go:7.10,27.2 17 0
/home/leo/code/recruitment-interviews/code/golang/command_string.go:33.34,34.50 1 0
/home/leo/code/recruitment-interviews/code/golang/command_string.go:37.2,37.61 1 0
/home/leo/code/recruitment-interviews/code/golang/command_string.go:34.50,36.3 1 0
